# JRE version: OpenJDK Runtime Environment (20.0.1+9) (build 20.0.1+9-29)
# Java VM: OpenJDK 64-Bit Server VM (20.0.1+9-29, mixed mode, sharing, tiered, compressed oops, compressed class ptrs, g1 gc, windows-amd64)
GC Precious Log:
 CardTable entry size: 512
 Card Set container configuration: InlinePtr #cards 4 size 8 Array Of Cards #cards 16 size 48 Howl #buckets 8 coarsen threshold 3686 Howl Bitmap #cards 512 size 80 coarsen threshold 460 Card regions per heap region 1 cards per card region 4096
 CPUs: 16 total, 16 available
 Memory: 16219M
 Large Page Support: Disabled
 NUMA Support: Disabled
 Compressed Oops: Enabled (Zero based)
 Heap Region Size: 2M
 Heap Min Capacity: 8M
 Heap Initial Capacity: 254M
 Heap Max Capacity: 4056M
 Pre-touch: Disabled
 Parallel Workers: 13
 Concurrent Workers: 3
 Concurrent Refinement Workers: 13
 Periodic GC: Disabled
Heap:
 garbage-first heap   total 114688K, used 46974K [0x0000000702800000, 0x0000000800000000)
  region size 2048K, 15 young (30720K), 4 survivors (8192K)
 Metaspace       used 42056K, committed 42432K, reserved 1114112K
  class space    used 4751K, committed 4928K, reserved 1048576K
GC Heap History (20 events):
Event: 3.252 GC heap before
{Heap before GC invocations=4 (full 0):
 garbage-first heap   total 61440K, used 59455K [0x0000000702800000, 0x0000000800000000)
  region size 2048K, 26 young (53248K), 3 survivors (6144K)
 Metaspace       used 26591K, committed 26880K, reserved 1114112K
  class space    used 3274K, committed 3392K, reserved 1048576K
}
Event: 3.257 GC heap after
{Heap after GC invocations=5 (full 0):
 garbage-first heap   total 71680K, used 15631K [0x0000000702800000, 0x0000000800000000)
  region size 2048K, 5 young (10240K), 5 survivors (10240K)
 Metaspace       used 26591K, committed 26880K, reserved 1114112K
  class space    used 3274K, committed 3392K, reserved 1048576K
}
Event: 3.719 GC heap before
{Heap before GC invocations=5 (full 0):
 garbage-first heap   total 71680K, used 48399K [0x0000000702800000, 0x0000000800000000)
  region size 2048K, 21 young (43008K), 5 survivors (10240K)
 Metaspace       used 31444K, committed 31744K, reserved 1114112K
  class space    used 3840K, committed 3968K, reserved 1048576K
}
Event: 3.725 GC heap after
{Heap after GC invocations=6 (full 0):
 garbage-first heap   total 71680K, used 17849K [0x0000000702800000, 0x0000000800000000)
  region size 2048K, 3 young (6144K), 3 survivors (6144K)
 Metaspace       used 31444K, committed 31744K, reserved 1114112K
  class space    used 3840K, committed 3968K, reserved 1048576K
}
Event: 4.028 GC heap before
{Heap before GC invocations=6 (full 0):
 garbage-first heap   total 71680K, used 38329K [0x0000000702800000, 0x0000000800000000)
  region size 2048K, 14 young (28672K), 3 survivors (6144K)
 Metaspace       used 35666K, committed 35968K, reserved 1114112K
  class space    used 4215K, committed 4352K, reserved 1048576K
}
Event: 4.034 GC heap after
{Heap after GC invocations=7 (full 0):
 garbage-first heap   total 71680K, used 19383K [0x0000000702800000, 0x0000000800000000)
  region size 2048K, 3 young (6144K), 3 survivors (6144K)
 Metaspace       used 35666K, committed 35968K, reserved 1114112K
  class space    used 4215K, committed 4352K, reserved 1048576K
}
Event: 4.302 GC heap before
{Heap before GC invocations=8 (full 0):
 garbage-first heap   total 71680K, used 54199K [0x0000000702800000, 0x0000000800000000)
  region size 2048K, 21 young (43008K), 3 survivors (6144K)
 Metaspace       used 38981K, committed 39424K, reserved 1114112K
  class space    used 4605K, committed 4800K, reserved 1048576K
}
Event: 4.308 GC heap after
{Heap after GC invocations=9 (full 0):
 garbage-first heap   total 71680K, used 20207K [0x0000000702800000, 0x0000000800000000)
  region size 2048K, 2 young (4096K), 2 survivors (4096K)
 Metaspace       used 38981K, committed 39424K, reserved 1114112K
  class space    used 4605K, committed 4800K, reserved 1048576K
}
Event: 4.420 GC heap before
{Heap before GC invocations=9 (full 0):
 garbage-first heap   total 71680K, used 57071K [0x0000000702800000, 0x0000000800000000)
  region size 2048K, 20 young (40960K), 2 survivors (4096K)
 Metaspace       used 39230K, committed 39680K, reserved 1114112K
  class space    used 4613K, committed 4800K, reserved 1048576K
}
Event: 4.423 GC heap after
{Heap after GC invocations=10 (full 0):
 garbage-first heap   total 92160K, used 20872K [0x0000000702800000, 0x0000000800000000)
  region size 2048K, 2 young (4096K), 2 survivors (4096K)
 Metaspace       used 39230K, committed 39680K, reserved 1114112K
  class space    used 4613K, committed 4800K, reserved 1048576K
}
Event: 4.565 GC heap before
{Heap before GC invocations=10 (full 0):
 garbage-first heap   total 92160K, used 72072K [0x0000000702800000, 0x0000000800000000)
  region size 2048K, 27 young (55296K), 2 survivors (4096K)
 Metaspace       used 39504K, committed 39936K, reserved 1114112K
  class space    used 4618K, committed 4800K, reserved 1048576K
}
Event: 4.569 GC heap after
{Heap after GC invocations=11 (full 0):
 garbage-first heap   total 92160K, used 21234K [0x0000000702800000, 0x0000000800000000)
  region size 2048K, 2 young (4096K), 2 survivors (4096K)
 Metaspace       used 39504K, committed 39936K, reserved 1114112K
  class space    used 4618K, committed 4800K, reserved 1048576K
}
Event: 4.739 GC heap before
{Heap before GC invocations=11 (full 0):
 garbage-first heap   total 92160K, used 70386K [0x0000000702800000, 0x0000000800000000)
  region size 2048K, 27 young (55296K), 2 survivors (4096K)
 Metaspace       used 39765K, committed 40128K, reserved 1114112K
  class space    used 4620K, committed 4800K, reserved 1048576K
}
Event: 4.743 GC heap after
{Heap after GC invocations=12 (full 0):
 garbage-first heap   total 92160K, used 22092K [0x0000000702800000, 0x0000000800000000)
  region size 2048K, 3 young (6144K), 3 survivors (6144K)
 Metaspace       used 39765K, committed 40128K, reserved 1114112K
  class space    used 4620K, committed 4800K, reserved 1048576K
}
Event: 4.869 GC heap before
{Heap before GC invocations=12 (full 0):
 garbage-first heap   total 92160K, used 69196K [0x0000000702800000, 0x0000000800000000)
  region size 2048K, 27 young (55296K), 3 survivors (6144K)
 Metaspace       used 39847K, committed 40256K, reserved 1114112K
  class space    used 4622K, committed 4800K, reserved 1048576K
}
Event: 4.873 GC heap after
{Heap after GC invocations=13 (full 0):
 garbage-first heap   total 92160K, used 22675K [0x0000000702800000, 0x0000000800000000)
  region size 2048K, 2 young (4096K), 2 survivors (4096K)
 Metaspace       used 39847K, committed 40256K, reserved 1114112K
  class space    used 4622K, committed 4800K, reserved 1048576K
}
Event: 5.196 GC heap before
{Heap before GC invocations=13 (full 0):
 garbage-first heap   total 92160K, used 71827K [0x0000000702800000, 0x0000000800000000)
  region size 2048K, 27 young (55296K), 2 survivors (4096K)
 Metaspace       used 40672K, committed 41024K, reserved 1114112K
  class space    used 4692K, committed 4864K, reserved 1048576K
}
Event: 5.202 GC heap after
{Heap after GC invocations=14 (full 0):
 garbage-first heap   total 114688K, used 24492K [0x0000000702800000, 0x0000000800000000)
  region size 2048K, 3 young (6144K), 3 survivors (6144K)
 Metaspace       used 40672K, committed 41024K, reserved 1114112K
  class space    used 4692K, committed 4864K, reserved 1048576K
}
Event: 5.515 GC heap before
{Heap before GC invocations=14 (full 0):
 garbage-first heap   total 114688K, used 85932K [0x0000000702800000, 0x0000000800000000)
  region size 2048K, 33 young (67584K), 3 survivors (6144K)
 Metaspace       used 41778K, committed 42176K, reserved 1114112K
  class space    used 4740K, committed 4928K, reserved 1048576K
}
Event: 5.522 GC heap after
{Heap after GC invocations=15 (full 0):
 garbage-first heap   total 114688K, used 26494K [0x0000000702800000, 0x0000000800000000)
  region size 2048K, 4 young (8192K), 4 survivors (8192K)
 Metaspace       used 41778K, committed 42176K, reserved 1114112K
  class space    used 4740K, committed 4928K, reserved 1048576K
}

